<?xml version="1.0" encoding="utf-8"?><testsuites name="pytest tests"><testsuite name="pytest" errors="0" failures="2" skipped="0" tests="19" time="139.049" timestamp="2026-04-16T19:00:34.399383+00:00" hostname="agent-env-9baf01d2-71de-4960-8f05-a0dcddf62b61"><testcase classname="backend.tests.test_ai_endpoints.TestProfileReview" name="test_profile_review_requires_auth" time="0.196" /><testcase classname="backend.tests.test_ai_endpoints.TestProfileReview" name="test_profile_review_returns_200" time="11.115" /><testcase classname="backend.tests.test_ai_endpoints.TestProfileReview" name="test_profile_review_has_score" time="12.175" /><testcase classname="backend.tests.test_ai_endpoints.TestProfileReview" name="test_profile_review_has_grade" time="16.758" /><testcase classname="backend.tests.test_ai_endpoints.TestProfileReview" name="test_profile_review_has_strengths_array" time="10.911" /><testcase classname="backend.tests.test_ai_endpoints.TestProfileReview" name="test_profile_review_has_improvements_array" time="10.130" /><testcase classname="backend.tests.test_ai_endpoints.TestProfileReview" name="test_profile_review_has_coach_checklist_10_items" time="12.762"><failure message="AssertionError: assert 'coach_checklist' in {'detail': 'Could not parse AI response. Please try again.'}">backend/tests/test_ai_endpoints.py:52: in test_profile_review_has_coach_checklist_10_items
    assert "coach_checklist" in data
E   AssertionError: assert 'coach_checklist' in {'detail': 'Could not parse AI response. Please try again.'}</failure></testcase><testcase classname="backend.tests.test_ai_endpoints.TestProfileReview" name="test_profile_review_has_response_insights" time="10.749" /><testcase classname="backend.tests.test_ai_endpoints.TestProfileReview" name="test_profile_review_has_top_actions" time="10.039" /><testcase classname="backend.tests.test_ai_endpoints.TestProfileReview" name="test_profile_review_400_no_profile" time="0.257"><failure message="assert 401 == 400&#10; +  where 401 = &lt;Response [401]&gt;.status_code">backend/tests/test_ai_endpoints.py:89: in test_profile_review_400_no_profile
    assert r.status_code == 400
E   assert 401 == 400
E    +  where 401 = &lt;Response [401]&gt;.status_code</failure></testcase><testcase classname="backend.tests.test_ai_endpoints.TestReplyNextSteps" name="test_reply_next_steps_requires_auth" time="0.276" /><testcase classname="backend.tests.test_ai_endpoints.TestReplyNextSteps" name="test_reply_next_steps_returns_200" time="4.137" /><testcase classname="backend.tests.test_ai_endpoints.TestReplyNextSteps" name="test_reply_next_steps_has_urgency" time="3.861" /><testcase classname="backend.tests.test_ai_endpoints.TestReplyNextSteps" name="test_reply_next_steps_has_urgency_label" time="4.083" /><testcase classname="backend.tests.test_ai_endpoints.TestReplyNextSteps" name="test_reply_next_steps_has_urgency_colour" time="3.580" /><testcase classname="backend.tests.test_ai_endpoints.TestReplyNextSteps" name="test_reply_next_steps_has_headline" time="4.706" /><testcase classname="backend.tests.test_ai_endpoints.TestReplyNextSteps" name="test_reply_next_steps_has_next_steps_array" time="13.325" /><testcase classname="backend.tests.test_ai_endpoints.TestReplyNextSteps" name="test_reply_next_steps_has_what_to_avoid" time="5.595" /><testcase classname="backend.tests.test_ai_endpoints.TestReplyNextSteps" name="test_reply_next_steps_has_uk_player_tip" time="4.271" /></testsuite></testsuites>