<?xml version="1.0" encoding="utf-8"?><testsuites name="pytest tests"><testsuite name="pytest" errors="0" failures="0" skipped="0" tests="7" time="5.225" timestamp="2026-05-11T00:41:21.800662+00:00" hostname="agent-env-9baf01d2-71de-4960-8f05-a0dcddf62b61"><testcase classname="backend.tests.test_contact_filter.TestContactedInstitutions" name="test_endpoint_returns_200" time="2.386" /><testcase classname="backend.tests.test_contact_filter.TestContactedInstitutions" name="test_response_has_replied_field" time="0.528" /><testcase classname="backend.tests.test_contact_filter.TestContactedInstitutions" name="test_response_has_not_replied_field" time="0.550" /><testcase classname="backend.tests.test_contact_filter.TestContactedInstitutions" name="test_no_overlap_between_replied_and_not_replied" time="0.517" /><testcase classname="backend.tests.test_contact_filter.TestContactedInstitutions" name="test_requires_auth" time="0.155" /><testcase classname="backend.tests.test_contact_filter.TestContactedInstitutions" name="test_replied_contains_strings" time="0.504" /><testcase classname="backend.tests.test_contact_filter.TestContactedInstitutions" name="test_player_has_replied_institutions" time="0.526" /></testsuite></testsuites>