<?xml version="1.0" encoding="utf-8"?><testsuites name="pytest tests"><testsuite name="pytest" errors="0" failures="0" skipped="0" tests="9" time="1.757" timestamp="2026-04-16T16:29:12.613993+00:00" hostname="agent-env-9baf01d2-71de-4960-8f05-a0dcddf62b61"><testcase classname="backend.tests.test_heatmap_colleges.TestHeatmapEndpoint" name="test_heatmap_requires_auth" time="0.309" /><testcase classname="backend.tests.test_heatmap_colleges.TestHeatmapEndpoint" name="test_heatmap_returns_200" time="0.185" /><testcase classname="backend.tests.test_heatmap_colleges.TestHeatmapEndpoint" name="test_heatmap_response_structure" time="0.123" /><testcase classname="backend.tests.test_heatmap_colleges.TestHeatmapEndpoint" name="test_heatmap_weeks_count" time="0.204" /><testcase classname="backend.tests.test_heatmap_colleges.TestHeatmapEndpoint" name="test_heatmap_week_structure" time="0.136" /><testcase classname="backend.tests.test_heatmap_colleges.TestHeatmapEndpoint" name="test_heatmap_numeric_fields" time="0.154" /><testcase classname="backend.tests.test_heatmap_colleges.TestCollegesCount" name="test_colleges_total_count" time="0.134" /><testcase classname="backend.tests.test_heatmap_colleges.TestCollegesCount" name="test_nebraska_kearney_not_foreign_friendly" time="0.138" /><testcase classname="backend.tests.test_heatmap_colleges.TestCollegesCount" name="test_cowley_county_is_foreign_friendly" time="0.145" /></testsuite></testsuites>