<?xml version="1.0" encoding="utf-8"?><testsuites name="pytest tests"><testsuite name="pytest" errors="0" failures="2" skipped="0" tests="12" time="12.032" timestamp="2026-05-08T01:43:16.055278+00:00" hostname="agent-env-9baf01d2-71de-4960-8f05-a0dcddf62b61"><testcase classname="tests.test_phase_b_features.TestPrivacySettings" name="test_get_privacy_settings" time="1.566" /><testcase classname="tests.test_phase_b_features.TestPrivacySettings" name="test_get_privacy_default_values" time="0.369" /><testcase classname="tests.test_phase_b_features.TestPrivacySettings" name="test_patch_privacy_settings" time="0.544"><failure message="AssertionError: PATCH privacy failed: Internal Server Error&#10;assert 500 == 200&#10; +  where 500 = &lt;Response [500]&gt;.status_code">tests/test_phase_b_features.py:61: in test_patch_privacy_settings
    assert r.status_code == 200, f"PATCH privacy failed: {r.text}"
E   AssertionError: PATCH privacy failed: Internal Server Error
E   assert 500 == 200
E    +  where 500 = &lt;Response [500]&gt;.status_code</failure></testcase><testcase classname="tests.test_phase_b_features.TestPrivacySettings" name="test_patch_privacy_persists" time="0.938"><failure message="assert False is True">tests/test_phase_b_features.py:71: in test_patch_privacy_persists
    assert r.json()["hide_contact_info"] is True
E   assert False is True</failure></testcase><testcase classname="tests.test_phase_b_features.TestPrivacySettings" name="test_privacy_requires_auth" time="0.117" /><testcase classname="tests.test_phase_b_features.TestCoachAnalytics" name="test_analytics_returns_200" time="1.466" /><testcase classname="tests.test_phase_b_features.TestCoachAnalytics" name="test_analytics_has_programme_views" time="1.416" /><testcase classname="tests.test_phase_b_features.TestCoachAnalytics" name="test_analytics_has_views" time="1.389" /><testcase classname="tests.test_phase_b_features.TestPlayerMessages" name="test_player_get_messages" time="1.806" /><testcase classname="tests.test_phase_b_features.TestPlayerMessages" name="test_player_messages_structure" time="0.774" /><testcase classname="tests.test_phase_b_features.TestCoachSentMessages" name="test_coach_sent_messages" time="0.774" /><testcase classname="tests.test_phase_b_features.TestCoachSentMessages" name="test_coach_sent_messages_structure" time="0.769" /></testsuite></testsuites>