<?xml version="1.0" encoding="utf-8"?><testsuites name="pytest tests"><testsuite name="pytest" errors="0" failures="0" skipped="0" tests="15" time="16.060" timestamp="2026-05-08T14:39:11.100312+00:00" hostname="agent-env-9baf01d2-71de-4960-8f05-a0dcddf62b61"><testcase classname="backend.tests.test_phase_b_features.TestPrivacySettings" name="test_get_privacy_settings" time="1.114" /><testcase classname="backend.tests.test_phase_b_features.TestPrivacySettings" name="test_get_privacy_default_values" time="0.386" /><testcase classname="backend.tests.test_phase_b_features.TestPrivacySettings" name="test_patch_privacy_settings" time="0.514" /><testcase classname="backend.tests.test_phase_b_features.TestPrivacySettings" name="test_patch_privacy_persists" time="1.419" /><testcase classname="backend.tests.test_phase_b_features.TestPrivacySettings" name="test_privacy_requires_auth" time="0.155" /><testcase classname="backend.tests.test_phase_b_features.TestCoachAnalytics" name="test_analytics_returns_200" time="1.706" /><testcase classname="backend.tests.test_phase_b_features.TestCoachAnalytics" name="test_analytics_has_programme_views" time="1.716" /><testcase classname="backend.tests.test_phase_b_features.TestCoachAnalytics" name="test_analytics_has_views" time="1.694" /><testcase classname="backend.tests.test_phase_b_features.TestPlayerMessages" name="test_player_get_messages" time="1.577" /><testcase classname="backend.tests.test_phase_b_features.TestPlayerMessages" name="test_player_messages_structure" time="0.762" /><testcase classname="backend.tests.test_phase_b_features.TestCoachSentMessages" name="test_coach_sent_messages" time="0.802" /><testcase classname="backend.tests.test_phase_b_features.TestCoachSentMessages" name="test_coach_sent_messages_structure" time="0.781" /><testcase classname="backend.tests.test_phase_b_features.TestPlayerReply" name="test_reply_requires_message" time="1.667" /><testcase classname="backend.tests.test_phase_b_features.TestPlayerReply" name="test_duplicate_reply_returns_409" time="1.294" /><testcase classname="backend.tests.test_phase_b_features.TestPlayerReply" name="test_public_programme_view_tracking" time="0.378" /></testsuite></testsuites>