<?xml version="1.0" encoding="utf-8"?><testsuites name="pytest tests"><testsuite name="pytest" errors="0" failures="0" skipped="0" tests="11" time="2.729" timestamp="2026-04-09T13:58:12.835557+00:00" hostname="agent-env-9baf01d2-71de-4960-8f05-a0dcddf62b61"><testcase classname="backend.tests.test_iteration3.TestDashboardAlerts" name="test_alerts_endpoint_returns_200" time="0.230" /><testcase classname="backend.tests.test_iteration3.TestDashboardAlerts" name="test_alerts_has_correct_keys" time="0.119" /><testcase classname="backend.tests.test_iteration3.TestDashboardAlerts" name="test_alerts_values_are_lists" time="0.115" /><testcase classname="backend.tests.test_iteration3.TestDashboardAlerts" name="test_upcoming_followups_populated" time="0.130" /><testcase classname="backend.tests.test_iteration3.TestDashboardAlerts" name="test_deadline_item_structure" time="0.135" /><testcase classname="backend.tests.test_iteration3.TestPatchStatusWithDates" name="test_patch_saves_follow_up_date" time="0.434" /><testcase classname="backend.tests.test_iteration3.TestPatchStatusWithDates" name="test_patch_saves_application_deadline" time="0.339" /><testcase classname="backend.tests.test_iteration3.TestPatchStatusWithDates" name="test_patch_saves_signing_day" time="0.404" /><testcase classname="backend.tests.test_iteration3.TestPatchStatusWithDates" name="test_deadline_appears_in_alerts_after_save" time="0.381" /><testcase classname="backend.tests.test_iteration3.TestCollegesUKFriendly" name="test_colleges_endpoint_returns_uk_friendly" time="0.116" /><testcase classname="backend.tests.test_iteration3.TestCollegesUKFriendly" name="test_duke_university_is_uk_friendly" time="0.159" /></testsuite></testsuites>