<?xml version="1.0" encoding="utf-8"?><testsuites name="pytest tests"><testsuite name="pytest" errors="0" failures="0" skipped="0" tests="13" time="7.316" timestamp="2026-04-23T15:13:09.803412+00:00" hostname="agent-env-9baf01d2-71de-4960-8f05-a0dcddf62b61"><testcase classname="backend.tests.test_supabase_backend.TestColleges" name="test_get_colleges_returns_list" time="1.057" /><testcase classname="backend.tests.test_supabase_backend.TestColleges" name="test_colleges_have_coaches_array" time="0.595" /><testcase classname="backend.tests.test_supabase_backend.TestColleges" name="test_colleges_division_filter" time="0.441" /><testcase classname="backend.tests.test_supabase_backend.TestAdminAuth" name="test_admin_login_success" time="0.251" /><testcase classname="backend.tests.test_supabase_backend.TestAdminAuth" name="test_admin_login_wrong_password" time="0.146" /><testcase classname="backend.tests.test_supabase_backend.TestAdminAuth" name="test_admin_verify_with_token" time="0.639" /><testcase classname="backend.tests.test_supabase_backend.TestAdminAuth" name="test_admin_verify_no_token" time="0.115" /><testcase classname="backend.tests.test_supabase_backend.TestAdminAuth" name="test_admin_logout" time="1.037" /><testcase classname="backend.tests.test_supabase_backend.TestAdminStats" name="test_admin_stats" time="0.994" /><testcase classname="backend.tests.test_supabase_backend.TestAdminUsers" name="test_admin_users_list" time="0.681" /><testcase classname="backend.tests.test_supabase_backend.TestCollegesCompare" name="test_compare_requires_auth" time="0.770" /><testcase classname="backend.tests.test_supabase_backend.TestDashboard" name="test_dashboard_stats_requires_auth" time="0.112" /><testcase classname="backend.tests.test_supabase_backend.TestAdminSettings" name="test_admin_settings" time="0.391" /></testsuite></testsuites>