<?xml version="1.0" encoding="utf-8"?><testsuites name="pytest tests"><testsuite name="pytest" errors="0" failures="0" skipped="0" tests="13" time="8.496" timestamp="2026-05-07T14:31:17.648496+00:00" hostname="agent-env-9baf01d2-71de-4960-8f05-a0dcddf62b61"><testcase classname="backend.tests.test_coach_onboarding.TestCoachAuth" name="test_login_success" time="1.239" /><testcase classname="backend.tests.test_coach_onboarding.TestCoachAuth" name="test_login_invalid_credentials" time="0.570" /><testcase classname="backend.tests.test_coach_onboarding.TestCoachAuth" name="test_get_me" time="1.117" /><testcase classname="backend.tests.test_coach_onboarding.TestCoachAuth" name="test_me_without_token" time="0.196" /><testcase classname="backend.tests.test_coach_onboarding.TestOnboardingReset" name="test_reset_onboarding_state" time="0.559" /><testcase classname="backend.tests.test_coach_onboarding.TestOnboardingReset" name="test_set_onboarding_step_prefs_set" time="0.505" /><testcase classname="backend.tests.test_coach_onboarding.TestOnboardingReset" name="test_set_onboarding_step_search_done" time="0.534" /><testcase classname="backend.tests.test_coach_onboarding.TestOnboardingReset" name="test_set_onboarding_completed" time="0.598" /><testcase classname="backend.tests.test_coach_onboarding.TestOnboardingReset" name="test_patch_no_valid_fields" time="0.370" /><testcase classname="backend.tests.test_coach_onboarding.TestOnboardingReset" name="test_final_reset_for_ui_tests" time="0.959" /><testcase classname="backend.tests.test_coach_onboarding.TestRecruitingPrefs" name="test_update_recruiting_prefs" time="0.513" /><testcase classname="backend.tests.test_coach_onboarding.TestPlayerSearch" name="test_players_list_returns_data" time="0.646" /><testcase classname="backend.tests.test_coach_onboarding.TestPlayerSearch" name="test_player_search_by_query" time="0.611" /></testsuite></testsuites>