<?xml version="1.0" encoding="utf-8"?><testsuites name="pytest tests"><testsuite name="pytest" errors="0" failures="0" skipped="0" tests="6" time="1.144" timestamp="2026-04-10T15:23:08.359785+00:00" hostname="agent-env-9baf01d2-71de-4960-8f05-a0dcddf62b61"><testcase classname="backend.tests.test_iteration7_compare.TestCompareEndpoint" name="test_compare_returns_401_without_auth" time="0.146" /><testcase classname="backend.tests.test_iteration7_compare.TestCompareEndpoint" name="test_compare_returns_200_with_auth" time="0.160" /><testcase classname="backend.tests.test_iteration7_compare.TestCompareEndpoint" name="test_compare_response_has_required_fields" time="0.162" /><testcase classname="backend.tests.test_iteration7_compare.TestCompareEndpoint" name="test_compare_no_mongodb_id_in_response" time="0.205" /><testcase classname="backend.tests.test_iteration7_compare.TestCompareEndpoint" name="test_compare_max_3_colleges" time="0.213" /><testcase classname="backend.tests.test_iteration7_compare.TestCompareEndpoint" name="test_compare_tracking_field_present" time="0.191" /></testsuite></testsuites>