<?xml version="1.0" encoding="utf-8"?><testsuites name="pytest tests"><testsuite name="pytest" errors="0" failures="0" skipped="2" tests="13" time="40.110" timestamp="2026-05-09T20:07:20.587301+00:00" hostname="agent-env-9baf01d2-71de-4960-8f05-a0dcddf62b61"><testcase classname="tests.test_gap3_gap4_notifications.TestProfileRegression" name="test_put_profile_returns_200" time="1.899" /><testcase classname="tests.test_gap3_gap4_notifications.TestHighlightReelNotification" name="test_highlight_reel_notifies_coaches" time="6.819" /><testcase classname="tests.test_gap3_gap4_notifications.TestHighlightReelNotification" name="test_no_highlight_notification_if_url_unchanged" time="6.831" /><testcase classname="tests.test_gap3_gap4_notifications.TestCommitmentNotification" name="test_commitment_notifies_coaches" time="7.638" /><testcase classname="tests.test_gap3_gap4_notifications.TestNoNotificationWithNoSavedCoaches" name="test_no_notifications_if_player_not_saved" time="7.545" /><testcase classname="tests.test_gap3_gap4_notifications.TestProgrammeViewNotification" name="test_programme_view_creates_notification" time="2.857" /><testcase classname="tests.test_gap3_gap4_notifications.TestProgrammeViewNotification" name="test_programme_view_throttled_no_duplicate" time="5.765" /><testcase classname="tests.test_gap3_gap4_notifications.TestSchedulerJobs" name="test_scheduler_has_contact_period_countdown_job" time="0.004" /><testcase classname="tests.test_gap3_gap4_notifications.TestSchedulerJobs" name="test_scheduler_all_three_jobs_started" time="0.003" /><testcase classname="tests.test_gap3_gap4_notifications.TestContactPeriodCountdown" name="test_countdown_7_days_inserts_notification" time="0.179"><skipped type="pytest.skip" message="No upcoming contact/evaluation periods in D1 calendar">/app/backend/tests/test_gap3_gap4_notifications.py:492: No upcoming contact/evaluation periods in D1 calendar</skipped></testcase><testcase classname="tests.test_gap3_gap4_notifications.TestContactPeriodCountdown" name="test_countdown_dedup_no_double_insert" time="0.000"><skipped type="pytest.skip" message="No upcoming contact/evaluation periods in D1 calendar">/app/backend/tests/test_gap3_gap4_notifications.py:547: No upcoming contact/evaluation periods in D1 calendar</skipped></testcase><testcase classname="tests.test_gap3_gap4_notifications.TestImports" name="test_notifications_utils_import" time="0.000" /><testcase classname="tests.test_gap3_gap4_notifications.TestImports" name="test_scheduler_import" time="0.017" /></testsuite></testsuites>