<?xml version="1.0" encoding="utf-8"?><testsuites name="pytest tests"><testsuite name="pytest" errors="0" failures="1" skipped="0" tests="14" time="7.867" timestamp="2026-05-09T20:13:41.539243+00:00" hostname="agent-env-9baf01d2-71de-4960-8f05-a0dcddf62b61"><testcase classname="backend.tests.test_gap5_gap6_notif_export.TestRegression" name="test_coach_login" time="0.844" /><testcase classname="backend.tests.test_gap5_gap6_notif_export.TestRegression" name="test_privacy_get" time="0.997" /><testcase classname="backend.tests.test_gap5_gap6_notif_export.TestRegression" name="test_profile_patch" time="0.494" /><testcase classname="backend.tests.test_gap5_gap6_notif_export.TestNotificationPrefs" name="test_get_notification_prefs_returns_defaults" time="0.355" /><testcase classname="backend.tests.test_gap5_gap6_notif_export.TestNotificationPrefs" name="test_get_notification_prefs_default_values" time="0.381" /><testcase classname="backend.tests.test_gap5_gap6_notif_export.TestNotificationPrefs" name="test_patch_notification_prefs_before_migration" time="0.490" /><testcase classname="backend.tests.test_gap5_gap6_notif_export.TestNotificationPrefs" name="test_patch_notification_prefs_unauthenticated" time="0.143" /><testcase classname="backend.tests.test_gap5_gap6_notif_export.TestDataExport" name="test_data_export_status_200" time="0.817" /><testcase classname="backend.tests.test_gap5_gap6_notif_export.TestDataExport" name="test_data_export_content_disposition" time="0.632" /><testcase classname="backend.tests.test_gap5_gap6_notif_export.TestDataExport" name="test_data_export_structure" time="0.671" /><testcase classname="backend.tests.test_gap5_gap6_notif_export.TestDataExport" name="test_data_export_no_sensitive_fields" time="0.611" /><testcase classname="backend.tests.test_gap5_gap6_notif_export.TestDataExport" name="test_data_export_messages_is_list" time="0.364"><failure message="assert 500 == 200&#10; +  where 500 = &lt;Response [500]&gt;.status_code">backend/tests/test_gap5_gap6_notif_export.py:140: in test_data_export_messages_is_list
    assert res.status_code == 200
E   assert 500 == 200
E    +  where 500 = &lt;Response [500]&gt;.status_code</failure></testcase><testcase classname="backend.tests.test_gap5_gap6_notif_export.TestDataExport" name="test_data_export_saved_players_structure" time="0.862" /><testcase classname="backend.tests.test_gap5_gap6_notif_export.TestDataExport" name="test_data_export_unauthenticated" time="0.106" /></testsuite></testsuites>