<?xml version="1.0" encoding="utf-8"?><testsuites name="pytest tests"><testsuite name="pytest" errors="0" failures="0" skipped="0" tests="13" time="17.985" timestamp="2026-05-09T11:52:26.753336+00:00" hostname="agent-env-9baf01d2-71de-4960-8f05-a0dcddf62b61"><testcase classname="backend.tests.test_video_reel_analytics.TestAnalytics" name="test_analytics_returns_200" time="3.307" /><testcase classname="backend.tests.test_video_reel_analytics.TestAnalytics" name="test_analytics_has_required_fields" time="2.073" /><testcase classname="backend.tests.test_video_reel_analytics.TestAnalytics" name="test_analytics_views_structure" time="1.672" /><testcase classname="backend.tests.test_video_reel_analytics.TestAnalytics" name="test_analytics_daily_views_is_list" time="1.687" /><testcase classname="backend.tests.test_video_reel_analytics.TestAnalytics" name="test_analytics_unauthorized" time="0.147" /><testcase classname="backend.tests.test_video_reel_analytics.TestAnalyticsCSVExport" name="test_export_returns_200" time="1.598" /><testcase classname="backend.tests.test_video_reel_analytics.TestAnalyticsCSVExport" name="test_export_content_type_csv" time="1.648" /><testcase classname="backend.tests.test_video_reel_analytics.TestAnalyticsCSVExport" name="test_export_content_disposition_attachment" time="2.077" /><testcase classname="backend.tests.test_video_reel_analytics.TestAnalyticsCSVExport" name="test_export_csv_has_required_sections" time="1.605" /><testcase classname="backend.tests.test_video_reel_analytics.TestAnalyticsCSVExport" name="test_export_unauthorized" time="0.137" /><testcase classname="backend.tests.test_video_reel_analytics.TestPlayersWithHighlightTape" name="test_players_search_returns_list" time="0.637" /><testcase classname="backend.tests.test_video_reel_analytics.TestPlayersWithHighlightTape" name="test_player_card_has_highlight_tape_field" time="0.690" /><testcase classname="backend.tests.test_video_reel_analytics.TestPlayersWithHighlightTape" name="test_ensure_player_has_reel" time="0.628" /></testsuite></testsuites>