<?xml version="1.0" encoding="utf-8"?><testsuites name="pytest tests"><testsuite name="pytest" errors="0" failures="0" skipped="0" tests="14" time="2.544" timestamp="2026-04-17T02:07:58.406362+00:00" hostname="agent-env-9baf01d2-71de-4960-8f05-a0dcddf62b61"><testcase classname="backend.tests.test_new_features.TestAdminUsersList" name="test_list_users_returns_200" time="0.467" /><testcase classname="backend.tests.test_new_features.TestAdminUsersList" name="test_list_users_has_expected_fields" time="0.140" /><testcase classname="backend.tests.test_new_features.TestAdminUserActivity" name="test_activity_returns_200" time="0.345" /><testcase classname="backend.tests.test_new_features.TestAdminUserActivity" name="test_activity_structure" time="0.120" /><testcase classname="backend.tests.test_new_features.TestAdminUserActivity" name="test_activity_stats_fields" time="0.152" /><testcase classname="backend.tests.test_new_features.TestAdminUserActivity" name="test_activity_404_for_invalid_user" time="0.186" /><testcase classname="backend.tests.test_new_features.TestCollegeReports" name="test_submit_report_without_auth_returns_401" time="0.121" /><testcase classname="backend.tests.test_new_features.TestCollegeReports" name="test_get_my_reports_without_auth_returns_401" time="0.113" /><testcase classname="backend.tests.test_new_features.TestAdminReports" name="test_admin_get_reports_returns_200" time="0.127" /><testcase classname="backend.tests.test_new_features.TestAdminReports" name="test_admin_reports_requires_auth" time="0.118" /><testcase classname="backend.tests.test_new_features.TestAdminReports" name="test_admin_patch_report_invalid_status" time="0.117" /><testcase classname="backend.tests.test_new_features.TestAdminReports" name="test_admin_patch_valid_status_nonexistent" time="0.156" /><testcase classname="backend.tests.test_new_features.TestNotifications" name="test_get_notifications_without_auth_returns_401" time="0.151" /><testcase classname="backend.tests.test_new_features.TestNotifications" name="test_read_all_notifications_without_auth_returns_401" time="0.134" /></testsuite></testsuites>