<?xml version="1.0" encoding="utf-8"?><testsuites name="pytest tests"><testsuite name="pytest" errors="0" failures="0" skipped="0" tests="14" time="6.929" timestamp="2026-04-24T01:37:46.215469+00:00" hostname="agent-env-9baf01d2-71de-4960-8f05-a0dcddf62b61"><testcase classname="backend.tests.test_subscription_pricing.TestAuthMe" name="test_auth_me_returns_subscription_tier" time="0.827" /><testcase classname="backend.tests.test_subscription_pricing.TestAuthMe" name="test_auth_me_has_trial_end_date_field" time="0.587" /><testcase classname="backend.tests.test_subscription_pricing.TestSubscriptionPlans" name="test_plans_returns_200" time="0.294" /><testcase classname="backend.tests.test_subscription_pricing.TestSubscriptionPlans" name="test_plans_returns_dict_not_500" time="0.258" /><testcase classname="backend.tests.test_subscription_pricing.TestSubscriptionStatus" name="test_status_requires_auth" time="0.205" /><testcase classname="backend.tests.test_subscription_pricing.TestSubscriptionStatus" name="test_status_returns_subscription_info" time="0.563" /><testcase classname="backend.tests.test_subscription_pricing.TestSubscriptionStatus" name="test_status_subscription_tier_valid" time="0.528" /><testcase classname="backend.tests.test_subscription_pricing.TestSubscriptionCheckout" name="test_checkout_basic_returns_coming_soon" time="0.561" /><testcase classname="backend.tests.test_subscription_pricing.TestSubscriptionCheckout" name="test_checkout_premium_returns_coming_soon" time="0.546" /><testcase classname="backend.tests.test_subscription_pricing.TestSubscriptionCheckout" name="test_checkout_invalid_tier_returns_400" time="0.539" /><testcase classname="backend.tests.test_subscription_pricing.TestAdminPricing" name="test_admin_pricing_returns_200" time="0.689" /><testcase classname="backend.tests.test_subscription_pricing.TestAdminPricing" name="test_admin_pricing_returns_list" time="0.445" /><testcase classname="backend.tests.test_subscription_pricing.TestAdminPricing" name="test_admin_update_subscription_accepts_trial_tier" time="0.393" /><testcase classname="backend.tests.test_subscription_pricing.TestAdminPricing" name="test_admin_update_subscription_accepts_free_tier" time="0.407" /></testsuite></testsuites>