<?xml version="1.0" encoding="utf-8"?><testsuites name="pytest tests"><testsuite name="pytest" errors="0" failures="0" skipped="0" tests="14" time="8.201" timestamp="2026-05-07T19:20:35.850111+00:00" hostname="agent-env-9baf01d2-71de-4960-8f05-a0dcddf62b61"><testcase classname="backend.tests.test_new_features_32.TestPublicStats" name="test_public_stats_returns_200" time="0.652" /><testcase classname="backend.tests.test_new_features_32.TestPublicStats" name="test_public_stats_has_required_fields" time="0.516" /><testcase classname="backend.tests.test_new_features_32.TestPublicStats" name="test_public_stats_values_are_non_negative" time="0.531" /><testcase classname="backend.tests.test_new_features_32.TestPublicStats" name="test_public_stats_verified_coaches_at_least_1" time="0.530" /><testcase classname="backend.tests.test_new_features_32.TestAdminCoachQueue" name="test_queue_returns_200_with_token" time="1.159" /><testcase classname="backend.tests.test_new_features_32.TestAdminCoachQueue" name="test_queue_returns_401_without_token" time="0.136" /><testcase classname="backend.tests.test_new_features_32.TestAdminCoachQueue" name="test_queue_structure" time="1.079" /><testcase classname="backend.tests.test_new_features_32.TestAdminCoachQueue" name="test_queue_stats_fields" time="1.063" /><testcase classname="backend.tests.test_new_features_32.TestAdminCoachQueue" name="test_verified_tab_has_test_coach" time="1.058" /><testcase classname="backend.tests.test_new_features_32.TestAdminVerifyCoach" name="test_invalid_action_returns_400" time="0.492" /><testcase classname="backend.tests.test_new_features_32.TestAdminVerifyCoach" name="test_requires_auth" time="0.132" /><testcase classname="backend.tests.test_new_features_32.TestCoachGoogleAuth" name="test_missing_email_returns_400" time="0.140" /><testcase classname="backend.tests.test_new_features_32.TestCoachGoogleAuth" name="test_unknown_email_returns_404_with_needs_registration" time="0.248" /><testcase classname="backend.tests.test_new_features_32.TestCoachGoogleAuth" name="test_known_coach_email_returns_token" time="0.388" /></testsuite></testsuites>