<?xml version="1.0" encoding="utf-8"?><testsuites name="pytest tests"><testsuite name="pytest" errors="0" failures="0" skipped="0" tests="8" time="1.207" timestamp="2026-04-11T01:33:34.446842+00:00" hostname="agent-env-9baf01d2-71de-4960-8f05-a0dcddf62b61"><testcase classname="backend.tests.test_goals_suggestions" name="test_get_goals_has_suggestions_field" time="0.175" /><testcase classname="backend.tests.test_goals_suggestions" name="test_get_goals_has_history_field" time="0.129" /><testcase classname="backend.tests.test_goals_suggestions" name="test_suggestions_are_non_negative_integers" time="0.114" /><testcase classname="backend.tests.test_goals_suggestions" name="test_default_suggestions_when_no_history" time="0.123" /><testcase classname="backend.tests.test_goals_suggestions" name="test_clear_goals_and_verify_empty_state" time="0.109" /><testcase classname="backend.tests.test_goals_suggestions" name="test_use_suggestions_sets_goals" time="0.276" /><testcase classname="backend.tests.test_goals_suggestions" name="test_goals_require_auth" time="0.103" /><testcase classname="backend.tests.test_goals_suggestions" name="test_restore_original_goals" time="0.105" /></testsuite></testsuites>