<?xml version="1.0" encoding="utf-8"?><testsuites name="pytest tests"><testsuite name="pytest" errors="0" failures="0" skipped="0" tests="8" time="20.169" timestamp="2026-05-09T00:42:24.527970+00:00" hostname="agent-env-9baf01d2-71de-4960-8f05-a0dcddf62b61"><testcase classname="backend.tests.test_phase_c_p2" name="test_get_custom_lists" time="2.705" /><testcase classname="backend.tests.test_phase_c_p2" name="test_create_custom_list" time="2.322" /><testcase classname="backend.tests.test_phase_c_p2" name="test_create_duplicate_list" time="2.745" /><testcase classname="backend.tests.test_phase_c_p2" name="test_create_list_with_default_name" time="1.956" /><testcase classname="backend.tests.test_phase_c_p2" name="test_create_list_committed_name" time="1.974" /><testcase classname="backend.tests.test_phase_c_p2" name="test_rename_custom_list" time="2.945" /><testcase classname="backend.tests.test_phase_c_p2" name="test_delete_custom_list" time="2.780" /><testcase classname="backend.tests.test_phase_c_p2" name="test_persistence_after_create" time="2.672" /></testsuite></testsuites>