<?xml version="1.0" encoding="utf-8"?><testsuites name="pytest tests"><testsuite name="pytest" errors="0" failures="1" skipped="0" tests="13" time="9.948" timestamp="2026-05-09T20:46:07.161841+00:00" hostname="agent-env-9baf01d2-71de-4960-8f05-a0dcddf62b61"><testcase classname="backend.tests.test_player_thread_panel.TestGetPlayerMessages" name="test_get_messages_returns_200" time="1.657" /><testcase classname="backend.tests.test_player_thread_panel.TestGetPlayerMessages" name="test_get_messages_structure" time="0.805" /><testcase classname="backend.tests.test_player_thread_panel.TestGetPlayerMessages" name="test_get_messages_contains_reply_fields" time="0.775" /><testcase classname="backend.tests.test_player_thread_panel.TestGetPlayerMessages" name="test_get_messages_unauthenticated" time="0.104" /><testcase classname="backend.tests.test_player_thread_panel.TestPlayerReply" name="test_reply_success" time="1.977" /><testcase classname="backend.tests.test_player_thread_panel.TestPlayerReply" name="test_reply_409_on_duplicate" time="0.493" /><testcase classname="backend.tests.test_player_thread_panel.TestPlayerReply" name="test_reply_persisted_in_get" time="0.753" /><testcase classname="backend.tests.test_player_thread_panel.TestPlayerReply" name="test_reply_empty_text_400" time="0.392" /><testcase classname="backend.tests.test_player_thread_panel.TestPlayerReply" name="test_reply_404_for_wrong_message" time="0.499"><failure message="AssertionError: Expected 404, got 500: Internal Server Error&#10;assert 500 == 404&#10; +  where 500 = &lt;Response [500]&gt;.status_code">backend/tests/test_player_thread_panel.py:161: in test_reply_404_for_wrong_message
    assert resp.status_code == 404, f"Expected 404, got {resp.status_code}: {resp.text}"
E   AssertionError: Expected 404, got 500: Internal Server Error
E   assert 500 == 404
E    +  where 500 = &lt;Response [500]&gt;.status_code</failure></testcase><testcase classname="backend.tests.test_player_thread_panel.TestPlayerReply" name="test_reply_unauthenticated" time="0.117" /><testcase classname="backend.tests.test_player_thread_panel.TestMarkRead" name="test_mark_read_returns_200" time="1.297" /><testcase classname="backend.tests.test_player_thread_panel.TestMarkRead" name="test_mark_all_read" time="0.494" /><testcase classname="backend.tests.test_player_thread_panel.TestUnreadCount" name="test_unread_count_returns_200" time="0.501" /></testsuite></testsuites>