<?xml version="1.0" encoding="utf-8"?><testsuites name="pytest tests"><testsuite name="pytest" errors="0" failures="0" skipped="1" tests="14" time="2.137" timestamp="2026-04-11T01:27:16.208449+00:00" hostname="agent-env-9baf01d2-71de-4960-8f05-a0dcddf62b61"><testcase classname="backend.tests.test_weekly_goals.TestGoalsCurrent" name="test_get_current_goals_status" time="0.264" /><testcase classname="backend.tests.test_weekly_goals.TestGoalsCurrent" name="test_get_current_goals_fields" time="0.111" /><testcase classname="backend.tests.test_weekly_goals.TestGoalsCurrent" name="test_get_current_goals_structure" time="0.154" /><testcase classname="backend.tests.test_weekly_goals.TestGoalsCurrent" name="test_put_current_goals" time="0.103" /><testcase classname="backend.tests.test_weekly_goals.TestGoalsCurrent" name="test_put_current_goals_persists" time="0.297" /><testcase classname="backend.tests.test_weekly_goals.TestGoalsCurrent" name="test_put_returns_goals" time="0.111" /><testcase classname="backend.tests.test_weekly_goals.TestGoalsCurrent" name="test_goals_requires_auth" time="0.141" /><testcase classname="backend.tests.test_weekly_goals.TestGoalsHistory" name="test_get_history_status" time="0.125" /><testcase classname="backend.tests.test_weekly_goals.TestGoalsHistory" name="test_get_history_is_list" time="0.104" /><testcase classname="backend.tests.test_weekly_goals.TestGoalsHistory" name="test_get_history_max_8_weeks" time="0.112" /><testcase classname="backend.tests.test_weekly_goals.TestGoalsHistory" name="test_get_history_week_fields" time="0.114" /><testcase classname="backend.tests.test_weekly_goals.TestGoalsHistory" name="test_history_requires_auth" time="0.105" /><testcase classname="backend.tests.test_weekly_goals.TestMessageType" name="test_post_email_with_message_type_follow_up" time="0.111"><skipped type="pytest.skip" message="No tracked colleges available">/app/backend/tests/test_weekly_goals.py:98: No tracked colleges available</skipped></testcase><testcase classname="backend.tests.test_weekly_goals.TestMessageType" name="test_email_message_type_stored" time="0.110" /></testsuite></testsuites>