<?xml version="1.0" encoding="utf-8"?><testsuites name="pytest tests"><testsuite name="pytest" errors="0" failures="0" skipped="0" tests="9" time="1.216" timestamp="2026-04-09T14:40:25.016666+00:00" hostname="agent-env-9baf01d2-71de-4960-8f05-a0dcddf62b61"><testcase classname="backend.tests.test_iteration4_auth.TestAuthEndpoints" name="test_auth_me_returns_401_without_session" time="0.157" /><testcase classname="backend.tests.test_iteration4_auth.TestAuthEndpoints" name="test_auth_session_missing_session_id_returns_400" time="0.121" /><testcase classname="backend.tests.test_iteration4_auth.TestAuthEndpoints" name="test_auth_logout_returns_200_without_session" time="0.114" /><testcase classname="backend.tests.test_iteration4_auth.TestProtectedEndpoints" name="test_dashboard_stats_returns_401" time="0.105" /><testcase classname="backend.tests.test_iteration4_auth.TestProtectedEndpoints" name="test_my_colleges_returns_401" time="0.103" /><testcase classname="backend.tests.test_iteration4_auth.TestProtectedEndpoints" name="test_profile_returns_401" time="0.105" /><testcase classname="backend.tests.test_iteration4_auth.TestProtectedEndpoints" name="test_colleges_directory_is_public" time="0.123" /><testcase classname="backend.tests.test_iteration4_auth.TestProtectedEndpoints" name="test_dashboard_alerts_returns_401" time="0.133" /><testcase classname="backend.tests.test_iteration4_auth.TestProtectedEndpoints" name="test_emails_returns_401" time="0.187" /></testsuite></testsuites>