<?xml version="1.0" encoding="utf-8"?><testsuites name="pytest tests"><testsuite name="pytest" errors="0" failures="0" skipped="0" tests="5" time="0.799" timestamp="2026-04-10T15:42:42.726355+00:00" hostname="agent-env-9baf01d2-71de-4960-8f05-a0dcddf62b61"><testcase classname="backend.tests.test_iteration8_progress_score.TestProgressScore" name="test_unauthenticated_returns_401" time="0.197" /><testcase classname="backend.tests.test_iteration8_progress_score.TestProgressScore" name="test_authenticated_returns_list" time="0.132" /><testcase classname="backend.tests.test_iteration8_progress_score.TestProgressScore" name="test_progress_score_field_present" time="0.119" /><testcase classname="backend.tests.test_iteration8_progress_score.TestProgressScore" name="test_progress_score_range" time="0.164" /><testcase classname="backend.tests.test_iteration8_progress_score.TestProgressScore" name="test_progress_score_value_for_seeded_college" time="0.111" /></testsuite></testsuites>