<?xml version="1.0" encoding="utf-8"?><testsuites name="pytest tests"><testsuite name="pytest" errors="0" failures="0" skipped="0" tests="5" time="0.776" timestamp="2026-04-10T14:57:31.322685+00:00" hostname="agent-env-9baf01d2-71de-4960-8f05-a0dcddf62b61"><testcase classname="backend.tests.test_iteration6_features.TestTemplatesAPI" name="test_get_templates_requires_auth" time="0.197" /><testcase classname="backend.tests.test_iteration6_features.TestTemplatesAPI" name="test_post_templates_requires_auth" time="0.140" /><testcase classname="backend.tests.test_iteration6_features.TestTemplatesAPI" name="test_delete_template_requires_auth" time="0.105" /><testcase classname="backend.tests.test_iteration6_features.TestCallNotesAPI" name="test_add_call_note_requires_auth" time="0.125" /><testcase classname="backend.tests.test_iteration6_features.TestCallNotesAPI" name="test_delete_call_note_requires_auth" time="0.145" /></testsuite></testsuites>