<?xml version="1.0" encoding="utf-8"?><testsuites name="pytest tests"><testsuite name="pytest" errors="0" failures="1" skipped="0" tests="17" time="31.635" timestamp="2026-04-03T20:01:25.986970+00:00" hostname="agent-env-9baf01d2-71de-4960-8f05-a0dcddf62b61"><testcase classname="backend.tests.test_courtbound" name="test_register" time="0.479" /><testcase classname="backend.tests.test_courtbound" name="test_register_duplicate" time="0.149" /><testcase classname="backend.tests.test_courtbound" name="test_login_admin" time="0.410" /><testcase classname="backend.tests.test_courtbound" name="test_login_invalid" time="0.137" /><testcase classname="backend.tests.test_courtbound" name="test_me" time="0.648" /><testcase classname="backend.tests.test_courtbound" name="test_get_colleges" time="0.103" /><testcase classname="backend.tests.test_courtbound" name="test_get_colleges_search" time="0.124" /><testcase classname="backend.tests.test_courtbound" name="test_get_colleges_filter_division" time="0.104" /><testcase classname="backend.tests.test_courtbound" name="test_get_colleges_filter_foreign_friendly" time="0.111" /><testcase classname="backend.tests.test_courtbound" name="test_get_college_detail" time="0.260" /><testcase classname="backend.tests.test_courtbound" name="test_get_college_invalid_id" time="0.172" /><testcase classname="backend.tests.test_courtbound" name="test_dashboard_stats" time="0.111" /><testcase classname="backend.tests.test_courtbound" name="test_track_and_untrack_college" time="0.372"><failure message="assert 500 in [200, 400]&#10; +  where 500 = &lt;Response [500]&gt;.status_code">backend/tests/test_courtbound.py:107: in test_track_and_untrack_college
    assert r.status_code in [200, 400]  # 400 if already tracked
    ^^^^^^^^^^^^^^^^^^^^^^^^^^^^^^^^^^
E   assert 500 in [200, 400]
E    +  where 500 = &lt;Response [500]&gt;.status_code</failure></testcase><testcase classname="backend.tests.test_courtbound" name="test_create_and_get_email" time="0.439" /><testcase classname="backend.tests.test_courtbound" name="test_ai_draft_message" time="14.369" /><testcase classname="backend.tests.test_courtbound" name="test_ai_strategy" time="13.321" /><testcase classname="backend.tests.test_courtbound" name="test_logout" time="0.140" /></testsuite></testsuites>