<?xml version="1.0" encoding="utf-8"?><testsuites name="pytest tests"><testsuite name="pytest" errors="0" failures="0" skipped="0" tests="6" time="5.285" timestamp="2026-04-24T21:32:42.961462+00:00" hostname="agent-env-9baf01d2-71de-4960-8f05-a0dcddf62b61"><testcase classname="backend.tests.test_gender_features.TestCollegesAPI" name="test_colleges_returns_200" time="1.545" /><testcase classname="backend.tests.test_gender_features.TestCollegesAPI" name="test_colleges_have_expected_fields" time="0.565" /><testcase classname="backend.tests.test_gender_features.TestProfileAPI" name="test_get_profile" time="0.750" /><testcase classname="backend.tests.test_gender_features.TestProfileAPI" name="test_put_profile_basketball_gender_men" time="0.812" /><testcase classname="backend.tests.test_gender_features.TestProfileAPI" name="test_put_profile_basketball_gender_women" time="0.740" /><testcase classname="backend.tests.test_gender_features.TestProfileAPI" name="test_put_profile_no_error_on_pre_migration" time="0.804" /></testsuite></testsuites>