<?xml version="1.0" encoding="utf-8"?><testsuites name="pytest tests"><testsuite name="pytest" errors="0" failures="0" skipped="0" tests="12" time="14.498" timestamp="2026-05-06T18:48:19.138139+00:00" hostname="agent-env-9baf01d2-71de-4960-8f05-a0dcddf62b61"><testcase classname="backend.tests.test_coach_portal.TestCoachAuth" name="test_login_success" time="1.890" /><testcase classname="backend.tests.test_coach_portal.TestCoachAuth" name="test_login_invalid" time="0.437" /><testcase classname="backend.tests.test_coach_portal.TestCoachAuth" name="test_me_endpoint" time="1.610" /><testcase classname="backend.tests.test_coach_portal.TestCoachAuth" name="test_me_unauthenticated" time="0.150" /><testcase classname="backend.tests.test_coach_portal.TestCoachDashboard" name="test_dashboard" time="2.658" /><testcase classname="backend.tests.test_coach_portal.TestCoachDashboard" name="test_dashboard_unauthenticated" time="0.204" /><testcase classname="backend.tests.test_coach_portal.TestCoachDashboard" name="test_saved_players" time="1.266" /><testcase classname="backend.tests.test_coach_portal.TestCoachPlayers" name="test_search_players" time="1.648" /><testcase classname="backend.tests.test_coach_portal.TestCoachPlayers" name="test_search_with_query" time="1.713" /><testcase classname="backend.tests.test_coach_portal.TestCoachPlayers" name="test_players_unauthenticated" time="0.131" /><testcase classname="backend.tests.test_coach_portal.TestCoachPlayers" name="test_save_player" time="2.567" /><testcase classname="backend.tests.test_coach_portal.TestCoachRegister" name="test_register_missing_fields" time="0.141" /></testsuite></testsuites>