<?xml version="1.0" encoding="utf-8"?><testsuites name="pytest tests"><testsuite name="pytest" errors="0" failures="0" skipped="0" tests="6" time="1.838" timestamp="2026-04-11T14:01:40.255112+00:00" hostname="agent-env-9baf01d2-71de-4960-8f05-a0dcddf62b61"><testcase classname="backend.tests.test_gmail_feature.TestEmailLogging" name="test_log_email_sent" time="0.249" /><testcase classname="backend.tests.test_gmail_feature.TestEmailLogging" name="test_log_email_appears_in_list" time="0.265" /><testcase classname="backend.tests.test_gmail_feature.TestAutoTrackAndStatus" name="test_auto_track_college" time="0.170" /><testcase classname="backend.tests.test_gmail_feature.TestAutoTrackAndStatus" name="test_patch_status_contacted_with_follow_up" time="0.449" /><testcase classname="backend.tests.test_gmail_feature.TestAutoTrackAndStatus" name="test_follow_up_appears_in_dashboard_alerts" time="0.276" /><testcase classname="backend.tests.test_gmail_feature.TestAutoTrackAndStatus" name="test_my_colleges_status_fields" time="0.260" /></testsuite></testsuites>