<?xml version="1.0" encoding="utf-8"?><testsuites name="pytest tests"><testsuite name="pytest" errors="0" failures="0" skipped="0" tests="12" time="3.913" timestamp="2026-05-09T12:05:27.316020+00:00" hostname="agent-env-9baf01d2-71de-4960-8f05-a0dcddf62b61"><testcase classname="backend.tests.test_programmes_discovery.TestProgrammesPublicAPI" name="test_programmes_no_auth_returns_200" time="0.514" /><testcase classname="backend.tests.test_programmes_discovery.TestProgrammesPublicAPI" name="test_programmes_response_structure" time="0.265" /><testcase classname="backend.tests.test_programmes_discovery.TestProgrammesPublicAPI" name="test_programmes_at_least_one_result" time="0.257" /><testcase classname="backend.tests.test_programmes_discovery.TestProgrammesPublicAPI" name="test_programme_card_fields" time="0.239" /><testcase classname="backend.tests.test_programmes_discovery.TestProgrammesPublicAPI" name="test_search_by_institution" time="0.260" /><testcase classname="backend.tests.test_programmes_discovery.TestProgrammesPublicAPI" name="test_search_returns_matching_results" time="0.271" /><testcase classname="backend.tests.test_programmes_discovery.TestProgrammesPublicAPI" name="test_search_no_match_returns_empty" time="0.280" /><testcase classname="backend.tests.test_programmes_discovery.TestProgrammesPublicAPI" name="test_division_filter_naia" time="0.235" /><testcase classname="backend.tests.test_programmes_discovery.TestProgrammesPublicAPI" name="test_nil_filter" time="0.229" /><testcase classname="backend.tests.test_programmes_discovery.TestProgrammesPublicAPI" name="test_pagination_defaults" time="0.286" /><testcase classname="backend.tests.test_programmes_discovery.TestProgrammesPublicAPI" name="test_individual_slug_still_works" time="0.599" /><testcase classname="backend.tests.test_programmes_discovery.TestProgrammesPublicAPI" name="test_slug_route_not_shadowed_by_programmes_route" time="0.369" /></testsuite></testsuites>