<?xml version="1.0" encoding="utf-8"?><testsuites name="pytest tests"><testsuite name="pytest" errors="0" failures="0" skipped="0" tests="12" time="8.348" timestamp="2026-05-07T14:52:24.382237+00:00" hostname="agent-env-9baf01d2-71de-4960-8f05-a0dcddf62b61"><testcase classname="backend.tests.test_ncaa_calendar.TestNcaaCalendar" name="test_ncaa_calendar_returns_200" time="1.841" /><testcase classname="backend.tests.test_ncaa_calendar.TestNcaaCalendar" name="test_ncaa_calendar_has_current_event" time="0.495" /><testcase classname="backend.tests.test_ncaa_calendar.TestNcaaCalendar" name="test_ncaa_calendar_current_event_is_transfer_portal" time="0.478" /><testcase classname="backend.tests.test_ncaa_calendar.TestNcaaCalendar" name="test_ncaa_calendar_current_event_fields" time="0.465" /><testcase classname="backend.tests.test_ncaa_calendar.TestNcaaCalendar" name="test_ncaa_calendar_upcoming_is_list" time="0.398" /><testcase classname="backend.tests.test_ncaa_calendar.TestNcaaCalendar" name="test_ncaa_calendar_upcoming_has_dead_period" time="0.387" /><testcase classname="backend.tests.test_ncaa_calendar.TestNcaaCalendar" name="test_ncaa_calendar_upcoming_cards_have_required_fields" time="0.472" /><testcase classname="backend.tests.test_ncaa_calendar.TestNcaaCalendar" name="test_ncaa_calendar_upcoming_max_6" time="0.385" /><testcase classname="backend.tests.test_ncaa_calendar.TestNcaaCalendar" name="test_ncaa_calendar_upcoming_sorted_by_date" time="0.389" /><testcase classname="backend.tests.test_ncaa_calendar.TestExistingDashboardEndpoints" name="test_dashboard_stats_200" time="1.186" /><testcase classname="backend.tests.test_ncaa_calendar.TestExistingDashboardEndpoints" name="test_dashboard_alerts_200" time="0.604" /><testcase classname="backend.tests.test_ncaa_calendar.TestExistingDashboardEndpoints" name="test_dashboard_weekly_digest_200" time="1.172" /></testsuite></testsuites>