<?xml version="1.0" encoding="utf-8"?><testsuites name="pytest tests"><testsuite name="pytest" errors="0" failures="0" skipped="0" tests="7" time="5.548" timestamp="2026-05-09T10:50:18.459772+00:00" hostname="agent-env-9baf01d2-71de-4960-8f05-a0dcddf62b61"><testcase classname="backend.tests.test_profile_views.TestProfileViewsEndpoint" name="test_endpoint_returns_200" time="2.234" /><testcase classname="backend.tests.test_profile_views.TestProfileViewsEndpoint" name="test_response_has_required_top_level_fields" time="0.637" /><testcase classname="backend.tests.test_profile_views.TestProfileViewsEndpoint" name="test_view_items_have_required_fields" time="0.607" /><testcase classname="backend.tests.test_profile_views.TestProfileViewsEndpoint" name="test_deduplication_view_count" time="0.611" /><testcase classname="backend.tests.test_profile_views.TestProfileViewsEndpoint" name="test_is_verified_field_type" time="0.620" /><testcase classname="backend.tests.test_profile_views.TestProfileViewsEndpoint" name="test_pagination_params" time="0.634" /><testcase classname="backend.tests.test_profile_views.TestProfileViewsEndpoint" name="test_unauthenticated_returns_401_or_403" time="0.135" /></testsuite></testsuites>