<?xml version="1.0" encoding="utf-8"?><testsuites name="pytest tests"><testsuite name="pytest" errors="0" failures="0" skipped="0" tests="8" time="1.313" timestamp="2026-04-10T14:42:17.322946+00:00" hostname="agent-env-9baf01d2-71de-4960-8f05-a0dcddf62b61"><testcase classname="backend.tests.test_iteration5_features.TestNewEndpoints" name="test_dashboard_analytics_requires_auth" time="0.260" /><testcase classname="backend.tests.test_iteration5_features.TestNewEndpoints" name="test_ai_match_requires_auth" time="0.127" /><testcase classname="backend.tests.test_iteration5_features.TestNewEndpoints" name="test_checklist_get_requires_auth" time="0.105" /><testcase classname="backend.tests.test_iteration5_features.TestNewEndpoints" name="test_checklist_put_requires_auth" time="0.147" /><testcase classname="backend.tests.test_iteration5_features.TestExistingEndpoints" name="test_colleges_public" time="0.122" /><testcase classname="backend.tests.test_iteration5_features.TestExistingEndpoints" name="test_dashboard_stats_requires_auth" time="0.125" /><testcase classname="backend.tests.test_iteration5_features.TestExistingEndpoints" name="test_my_colleges_requires_auth" time="0.109" /><testcase classname="backend.tests.test_iteration5_features.TestExistingEndpoints" name="test_profile_requires_auth" time="0.118" /></testsuite></testsuites>