<?xml version="1.0" encoding="utf-8"?><testsuites name="pytest tests"><testsuite name="pytest" errors="0" failures="0" skipped="0" tests="9" time="9.655" timestamp="2026-05-09T19:53:04.279207+00:00" hostname="agent-env-9baf01d2-71de-4960-8f05-a0dcddf62b61"><testcase classname="backend.tests.test_templates_and_thread.TestTemplateEndpoints" name="test_get_templates_returns_3_defaults" time="2.169" /><testcase classname="backend.tests.test_templates_and_thread.TestTemplateEndpoints" name="test_get_templates_structure" time="0.697" /><testcase classname="backend.tests.test_templates_and_thread.TestTemplateEndpoints" name="test_create_custom_template" time="0.527" /><testcase classname="backend.tests.test_templates_and_thread.TestTemplateEndpoints" name="test_create_and_delete_template" time="2.364" /><testcase classname="backend.tests.test_templates_and_thread.TestTemplateEndpoints" name="test_create_template_missing_name" time="0.372" /><testcase classname="backend.tests.test_templates_and_thread.TestTemplateEndpoints" name="test_create_template_missing_body" time="0.413" /><testcase classname="backend.tests.test_templates_and_thread.TestSentMessages" name="test_get_sent_messages" time="0.900" /><testcase classname="backend.tests.test_templates_and_thread.TestSentMessages" name="test_sent_messages_enriched_with_player_name" time="0.906" /><testcase classname="backend.tests.test_templates_and_thread.TestSentMessages" name="test_cleanup_test_templates" time="1.231" /></testsuite></testsuites>