<?xml version="1.0" encoding="utf-8"?><testsuites name="pytest tests"><testsuite name="pytest" errors="0" failures="0" skipped="0" tests="8" time="1.833" timestamp="2026-04-09T13:15:22.444193+00:00" hostname="agent-env-9baf01d2-71de-4960-8f05-a0dcddf62b61"><testcase classname="backend.tests.test_iteration2.TestProfile" name="test_get_profile" time="0.278" /><testcase classname="backend.tests.test_iteration2.TestProfile" name="test_put_profile" time="0.114" /><testcase classname="backend.tests.test_iteration2.TestProfile" name="test_profile_persists" time="0.221" /><testcase classname="backend.tests.test_iteration2.TestResponsesSummary" name="test_responses_summary_returns_list" time="0.108" /><testcase classname="backend.tests.test_iteration2.TestResponsesSummary" name="test_responses_summary_structure" time="0.150" /><testcase classname="backend.tests.test_iteration2.TestResponsesSummary" name="test_responses_summary_count" time="0.153" /><testcase classname="backend.tests.test_iteration2.TestLogReply" name="test_log_reply_basic" time="0.271" /><testcase classname="backend.tests.test_iteration2.TestLogReply" name="test_log_reply_updates_status" time="0.345" /></testsuite></testsuites>