<?xml version="1.0" encoding="utf-8"?><testsuites name="pytest tests"><testsuite name="pytest" errors="0" failures="0" skipped="0" tests="7" time="4.419" timestamp="2026-05-09T10:42:30.527971+00:00" hostname="agent-env-9baf01d2-71de-4960-8f05-a0dcddf62b61"><testcase classname="backend.tests.test_bulk_message.TestBulkMessageBackend" name="test_bulk_valid_list_returns_sent_skipped" time="2.208" /><testcase classname="backend.tests.test_bulk_message.TestBulkMessageBackend" name="test_bulk_empty_list_returns_400" time="0.498" /><testcase classname="backend.tests.test_bulk_message.TestBulkMessageBackend" name="test_bulk_no_list_name_returns_400" time="0.372" /><testcase classname="backend.tests.test_bulk_message.TestBulkMessageBackend" name="test_bulk_missing_body_returns_400" time="0.374" /><testcase classname="backend.tests.test_bulk_message.TestBulkMessageBackend" name="test_bulk_empty_body_returns_400" time="0.369" /><testcase classname="backend.tests.test_bulk_message.TestBulkMessageBackend" name="test_bulk_route_does_not_conflict_with_player_route" time="0.372" /><testcase classname="backend.tests.test_bulk_message.TestBulkMessageBackend" name="test_bulk_unauthenticated_returns_401_or_403" time="0.134" /></testsuite></testsuites>