<?xml version="1.0" encoding="utf-8"?><testsuites name="pytest tests"><testsuite name="pytest" errors="0" failures="0" skipped="0" tests="11" time="7.700" timestamp="2026-05-09T20:33:24.378545+00:00" hostname="agent-env-9baf01d2-71de-4960-8f05-a0dcddf62b61"><testcase classname="backend.tests.test_gap7_gap8.TestRegressionCoachLogin" name="test_coach_login_returns_200" time="1.022" /><testcase classname="backend.tests.test_gap7_gap8.TestRegressionDataExport" name="test_data_export_returns_200" time="1.393" /><testcase classname="backend.tests.test_gap7_gap8.TestRegressionDataExport" name="test_data_export_has_content_disposition" time="0.676" /><testcase classname="backend.tests.test_gap7_gap8.TestGap7DeleteAccountEndpoint" name="test_delete_account_endpoint_exists_without_auth" time="0.139" /><testcase classname="backend.tests.test_gap7_gap8.TestGap7DeleteAccountEndpoint" name="test_delete_account_endpoint_reachable_with_invalid_token" time="0.256" /><testcase classname="backend.tests.test_gap7_gap8.TestGap8BoardPDFExport" name="test_export_pdf_returns_200" time="0.929" /><testcase classname="backend.tests.test_gap7_gap8.TestGap8BoardPDFExport" name="test_export_pdf_content_type" time="0.792" /><testcase classname="backend.tests.test_gap7_gap8.TestGap8BoardPDFExport" name="test_export_pdf_content_disposition" time="0.782" /><testcase classname="backend.tests.test_gap7_gap8.TestGap8BoardPDFExport" name="test_export_pdf_valid_pdf_bytes" time="0.746" /><testcase classname="backend.tests.test_gap7_gap8.TestGap8BoardPDFExport" name="test_export_pdf_non_empty" time="0.779" /><testcase classname="backend.tests.test_gap7_gap8.TestGap8BoardPDFExport" name="test_export_pdf_unauthenticated_returns_401" time="0.114" /></testsuite></testsuites>