<?xml version="1.0" encoding="utf-8"?><testsuites name="pytest tests"><testsuite name="pytest" errors="0" failures="0" skipped="0" tests="13" time="12.440" timestamp="2026-05-07T15:17:50.877908+00:00" hostname="agent-env-9baf01d2-71de-4960-8f05-a0dcddf62b61"><testcase classname="backend.tests.test_coach_features.TestCoachPublicAPI" name="test_public_page_returns_200" time="0.562" /><testcase classname="backend.tests.test_coach_features.TestCoachPublicAPI" name="test_public_page_coach_name" time="0.290" /><testcase classname="backend.tests.test_coach_features.TestCoachPublicAPI" name="test_public_page_institution_name" time="0.274" /><testcase classname="backend.tests.test_coach_features.TestCoachPublicAPI" name="test_public_page_recruiting_prefs_positions" time="0.353" /><testcase classname="backend.tests.test_coach_features.TestCoachPublicAPI" name="test_public_page_404_for_nonexistent" time="0.316" /><testcase classname="backend.tests.test_coach_features.TestCoachPublicAPI" name="test_public_page_no_auth_required" time="0.297" /><testcase classname="backend.tests.test_coach_features.TestCoachPublicAPI" name="test_public_page_response_structure" time="0.275" /><testcase classname="backend.tests.test_coach_features.TestCoachAnalyticsAPI" name="test_analytics_returns_200" time="2.087" /><testcase classname="backend.tests.test_coach_features.TestCoachAnalyticsAPI" name="test_analytics_views_structure" time="2.034" /><testcase classname="backend.tests.test_coach_features.TestCoachAnalyticsAPI" name="test_analytics_saves_structure" time="1.866" /><testcase classname="backend.tests.test_coach_features.TestCoachAnalyticsAPI" name="test_analytics_daily_views_14_entries" time="1.904" /><testcase classname="backend.tests.test_coach_features.TestCoachAnalyticsAPI" name="test_analytics_messages_sent" time="1.939" /><testcase classname="backend.tests.test_coach_features.TestCoachAnalyticsAPI" name="test_analytics_no_auth_rejected" time="0.164" /></testsuite></testsuites>